{"name": "test_admin[admin2-msjy123-666-\\u7ba1\\u7406\\u5458\\u5bc6\\u7801\\u4e0d\\u80fd\\u4e3a\\u7a7a1]", "status": "failed", "statusDetails": {"message": "AssertionError: assert '验证码错误' == '管理员密码不能为空'\n  - 管理员密码不能为空\n  + 验证码错误", "trace": "anonymous_driver = <selenium.webdriver.chrome.webdriver.WebDriver (session=\"de2d5a1532e7be72589ad1fae3ce9814\")>\nusername = 'admin2', password = 'msjy123', code = '666', assert_msg = '管理员密码不能为空'\n\n    @allure.step(title=\"测试登录页面第一步参数化001\")\n    @pytest.mark.parametrize(\"username, password, code,assert_msg\", get_data_background())\n    @allure.step(title=\"测试登录页面第一步参数化002\")\n    def test_admin(anonymous_driver, username, password, code, assert_msg):\n        anonymous_driver.get(\"http://47.107.116.139/fangwei/m.php?m=Public&a=login&\")\n    \n        anonymous_driver.maximize_window()\n    \n        page = BackGroundLoginPage(anonymous_driver)\n        msg = page.login(username, password, code)\n        print(msg)\n>       assert msg == assert_msg\nE       AssertionError: assert '验证码错误' == '管理员密码不能为空'\nE         - 管理员密码不能为空\nE         + 验证码错误\n\ntests\\test_background.py:38: AssertionError"}, "steps": [{"name": "测试登录页面第一步参数化001", "status": "failed", "statusDetails": {"message": "AssertionError: assert '验证码错误' == '管理员密码不能为空'\n  - 管理员密码不能为空\n  + 验证码错误\n", "trace": "  File \"D:\\pythonProjectweb_232\\venv\\lib\\site-packages\\allure_commons\\_allure.py\", line 192, in impl\n    return func(*a, **kw)\n  File \"D:\\pythonProjectweb_232\\venv\\lib\\site-packages\\allure_commons\\_allure.py\", line 192, in impl\n    return func(*a, **kw)\n  File \"D:\\pythonProjectweb_232\\tests\\test_background.py\", line 38, in test_admin\n    assert msg == assert_msg\n"}, "steps": [{"name": "测试登录页面第一步参数化002", "status": "failed", "statusDetails": {"message": "AssertionError: assert '验证码错误' == '管理员密码不能为空'\n  - 管理员密码不能为空\n  + 验证码错误\n", "trace": "  File \"D:\\pythonProjectweb_232\\venv\\lib\\site-packages\\allure_commons\\_allure.py\", line 192, in impl\n    return func(*a, **kw)\n  File \"D:\\pythonProjectweb_232\\tests\\test_background.py\", line 38, in test_admin\n    assert msg == assert_msg\n"}, "parameters": [{"name": "anonymous_driver", "value": "<selenium.webdriver.chrome.webdriver.WebDriver (session=\"de2d5a1532e7be72589ad1fae3ce9814\")>"}, {"name": "username", "value": "'admin2'"}, {"name": "password", "value": "'msjy123'"}, {"name": "code", "value": "'666'"}, {"name": "assert_msg", "value": "'管理员密码不能为空'"}], "start": 1687786041929, "stop": 1687786043192}], "parameters": [{"name": "anonymous_driver", "value": "<selenium.webdriver.chrome.webdriver.WebDriver (session=\"de2d5a1532e7be72589ad1fae3ce9814\")>"}, {"name": "username", "value": "'admin2'"}, {"name": "password", "value": "'msjy123'"}, {"name": "code", "value": "'666'"}, {"name": "assert_msg", "value": "'管理员密码不能为空'"}], "start": 1687786041929, "stop": 1687786043192}], "parameters": [{"name": "username", "value": "'admin2'"}, {"name": "password", "value": "'msjy123'"}, {"name": "code", "value": "'666'"}, {"name": "assert_msg", "value": "'管理员密码不能为空'"}], "start": 1687786041928, "stop": 1687786043192, "uuid": "adb7e639-0e88-4f85-bbe9-fc1b50ccc4c9", "historyId": "8e5b6507496d2adf7d807af8eda24e2f", "testCaseId": "5f4f9fbd8d99b6972a8ceae44ccfdf6b", "fullName": "tests.test_background#test_admin", "labels": [{"name": "parentSuite", "value": "tests"}, {"name": "suite", "value": "test_background"}, {"name": "host", "value": "ltq"}, {"name": "thread", "value": "11892-MainThread"}, {"name": "framework", "value": "pytest"}, {"name": "language", "value": "cpython3"}, {"name": "package", "value": "tests.test_background"}]}