{"name": "test_admin_new_deal_by_kdt", "status": "broken", "statusDetails": {"message": "selenium.common.exceptions.TimeoutException: Message: \nStacktrace:\nBacktrace:\n\tGetHandleVerifier [0x00F5A813+48355]\n\t(No symbol) [0x00EEC4B1]\n\t(No symbol) [0x00DF5358]\n\t(No symbol) [0x00E209A5]\n\t(No symbol) [0x00E20B3B]\n\t(No symbol) [0x00E4E232]\n\t(No symbol) [0x00E3A784]\n\t(No symbol) [0x00E4C922]\n\t(No symbol) [0x00E3A536]\n\t(No symbol) [0x00E182DC]\n\t(No symbol) [0x00E193DD]\n\tGetHandleVerifier [0x011BAABD+2539405]\n\tGetHandleVerifier [0x011FA78F+2800735]\n\tGetHandleVerifier [0x011F456C+2775612]\n\tGetHandleVerifier [0x00FE51E0+616112]\n\t(No symbol) [0x00EF5F8C]\n\t(No symbol) [0x00EF2328]\n\t(No symbol) [0x00EF240B]\n\t(No symbol) [0x00EE4FF7]\n\tBaseThreadInitThunk [0x76927D59+25]\n\tRtlInitializeExceptionChain [0x77AEB74B+107]\n\tRtlClearBits [0x77AEB6CF+191]", "trace": "admin_driver = <selenium.webdriver.chrome.webdriver.WebDriver (session=\"a620544fbe0e82de39bbfd5a14f88508\")>\n\n    def test_admin_new_deal_by_kdt(admin_driver):\n        wd = KeyWord(admin_driver)\n        # 点击贷款管理\n        wd.frame_enter('/html/frameset/frame[1]')\n        wd.click('//*[@id=\"navs\"]/ul/li[2]/a')\n        wd.frame_exit()\n    \n        # 点击新增按钮\n        wd.frame_enter('//*[@id=\"main-frame\"]')\n        wd.click('/html/body/div[2]/div[3]/input[1]')\n        wd.frame_exit()\n    \n        # 输入内容\n        # 颜色\n>       wd.input('//*[@id=\"colorpickerField\"]',\"f00\")\n\ntests\\test_background.py:75: \n_ _ _ _ _ _ _ _ _ _ _ _ _ _ _ _ _ _ _ _ _ _ _ _ _ _ _ _ _ _ _ _ _ _ _ _ _ _ _ _ _ _ _ _ _ _ _ _ _ _ _ _ _ _ _ _ _ \ncommons\\kdt.py:40: in input\n    el = self.find_element(By.XPATH, loc)\ncommons\\kdt.py:28: in find_element\n    self.wait(f)  # 通过self对象，调用类方法出发显式等待\ncommons\\kdt.py:12: in wait\n    return WebDriverWait(self.driver, 5).until(func)\n_ _ _ _ _ _ _ _ _ _ _ _ _ _ _ _ _ _ _ _ _ _ _ _ _ _ _ _ _ _ _ _ _ _ _ _ _ _ _ _ _ _ _ _ _ _ _ _ _ _ _ _ _ _ _ _ _ \n\nself = <selenium.webdriver.support.wait.WebDriverWait (session=\"a620544fbe0e82de39bbfd5a14f88508\")>\nmethod = <function KeyWord.find_element.<locals>.f at 0x000001ABA3AFCD30>, message = ''\n\n    def until(self, method, message: str = \"\"):\n        \"\"\"Calls the method provided with the driver as an argument until the \\\n        return value does not evaluate to ``False``.\n    \n        :param method: callable(WebDriver)\n        :param message: optional message for :exc:`TimeoutException`\n        :returns: the result of the last call to `method`\n        :raises: :exc:`selenium.common.exceptions.TimeoutException` if timeout occurs\n        \"\"\"\n        screen = None\n        stacktrace = None\n    \n        end_time = time.monotonic() + self._timeout\n        while True:\n            try:\n                value = method(self._driver)\n                if value:\n                    return value\n            except self._ignored_exceptions as exc:\n                screen = getattr(exc, \"screen\", None)\n                stacktrace = getattr(exc, \"stacktrace\", None)\n            time.sleep(self._poll)\n            if time.monotonic() > end_time:\n                break\n>       raise TimeoutException(message, screen, stacktrace)\nE       selenium.common.exceptions.TimeoutException: Message: \nE       Stacktrace:\nE       Backtrace:\nE       \tGetHandleVerifier [0x00F5A813+48355]\nE       \t(No symbol) [0x00EEC4B1]\nE       \t(No symbol) [0x00DF5358]\nE       \t(No symbol) [0x00E209A5]\nE       \t(No symbol) [0x00E20B3B]\nE       \t(No symbol) [0x00E4E232]\nE       \t(No symbol) [0x00E3A784]\nE       \t(No symbol) [0x00E4C922]\nE       \t(No symbol) [0x00E3A536]\nE       \t(No symbol) [0x00E182DC]\nE       \t(No symbol) [0x00E193DD]\nE       \tGetHandleVerifier [0x011BAABD+2539405]\nE       \tGetHandleVerifier [0x011FA78F+2800735]\nE       \tGetHandleVerifier [0x011F456C+2775612]\nE       \tGetHandleVerifier [0x00FE51E0+616112]\nE       \t(No symbol) [0x00EF5F8C]\nE       \t(No symbol) [0x00EF2328]\nE       \t(No symbol) [0x00EF240B]\nE       \t(No symbol) [0x00EE4FF7]\nE       \tBaseThreadInitThunk [0x76927D59+25]\nE       \tRtlInitializeExceptionChain [0x77AEB74B+107]\nE       \tRtlClearBits [0x77AEB6CF+191]\n\nvenv\\lib\\site-packages\\selenium\\webdriver\\support\\wait.py:95: TimeoutException"}, "start": 1687960358600, "stop": 1687960364787, "uuid": "1b792a54-e69e-4351-a20c-d76a4bbd1428", "historyId": "0ff6e0691ef2d7ac72f71c5ca50d952e", "testCaseId": "0ff6e0691ef2d7ac72f71c5ca50d952e", "fullName": "tests.test_background#test_admin_new_deal_by_kdt", "labels": [{"name": "parentSuite", "value": "tests"}, {"name": "suite", "value": "test_background"}, {"name": "host", "value": "ltq"}, {"name": "thread", "value": "35284-MainThread"}, {"name": "framework", "value": "pytest"}, {"name": "language", "value": "cpython3"}, {"name": "package", "value": "tests.test_background"}]}